{
"contracts\\core\\MarketFactory.sol":{"l":{"34":7,"35":7,"37":7,"38":7,"47":5,"58":4,"60":4,"75":1,"86":1,"87":1,"89":1,"104":1,"116":1,"125":1,"129":3},"path":"C:\\Users\\Zhanuka\\Predictionmarket\\On-Chain-Prediction-Market\\contracts\\core\\MarketFactory.sol","s":{"1":7,"2":7,"3":4,"4":4,"5":1,"6":1,"7":1,"8":1,"9":3},"b":{"1":[5,1],"2":[1,0]},"f":{"1":7,"2":5,"3":1,"4":1,"5":3},"fnMap":{"1":{"name":"constructor","line":29,"loc":{"start":{"line":29,"column":4},"end":{"line":39,"column":4}}},"2":{"name":"createMarket","line":46,"loc":{"start":{"line":41,"column":4},"end":{"line":66,"column":4}}},"3":{"name":"createMarketDeterministic","line":74,"loc":{"start":{"line":68,"column":4},"end":{"line":95,"column":4}}},"4":{"name":"predictMarketAddress","line":97,"loc":{"start":{"line":97,"column":4},"end":{"line":126,"column":4}}},"5":{"name":"getMarketsCount","line":128,"loc":{"start":{"line":128,"column":4},"end":{"line":130,"column":4}}}},"statementMap":{"1":{"start":{"line":37,"column":8},"end":{"line":37,"column":44}},"2":{"start":{"line":38,"column":8},"end":{"line":38,"column":45}},"3":{"start":{"line":58,"column":8},"end":{"line":58,"column":27}},"4":{"start":{"line":60,"column":8},"end":{"line":60,"column":1787}},"5":{"start":{"line":86,"column":8},"end":{"line":86,"column":27}},"6":{"start":{"line":89,"column":8},"end":{"line":89,"column":2559}},"7":{"start":{"line":104,"column":8},"end":{"line":104,"column":2938}},"8":{"start":{"line":116,"column":8},"end":{"line":116,"column":3281}},"9":{"start":{"line":129,"column":8},"end":{"line":129,"column":29}}},"branchMap":{"1":{"line":46,"type":"if","locations":[{"start":{"line":46,"column":15},"end":{"line":46,"column":15}},{"start":{"line":46,"column":15},"end":{"line":46,"column":15}}]},"2":{"line":74,"type":"if","locations":[{"start":{"line":74,"column":15},"end":{"line":74,"column":15}},{"start":{"line":74,"column":15},"end":{"line":74,"column":15}}]}}},
"contracts\\core\\MathUtils.sol":{"l":{"12":1,"20":1},"path":"C:\\Users\\Zhanuka\\Predictionmarket\\On-Chain-Prediction-Market\\contracts\\core\\MathUtils.sol","s":{"1":1},"b":{},"f":{"1":1,"2":1},"fnMap":{"1":{"name":"multiplySolidity","line":7,"loc":{"start":{"line":7,"column":4},"end":{"line":13,"column":4}}},"2":{"name":"multiplyYul","line":15,"loc":{"start":{"line":15,"column":4},"end":{"line":23,"column":4}}}},"statementMap":{"1":{"start":{"line":12,"column":8},"end":{"line":12,"column":20}}},"branchMap":{}},
"contracts\\core\\PredictionMarket.sol":{"l":{"74":38,"75":1,"78":37,"79":37,"80":37,"81":37,"82":37,"83":37,"84":37,"86":37,"87":37,"95":26,"97":26,"98":26,"105":2,"106":1,"109":1,"117":24,"118":24,"119":23,"121":22,"123":22,"124":17,"125":17,"127":16,"128":16,"130":16,"132":5,"133":5,"135":4,"136":4,"138":4,"141":20,"143":20,"151":3,"152":3,"154":2,"156":2,"157":1,"159":1,"160":1,"162":1,"164":1,"165":1,"167":1,"169":1,"171":1,"172":1,"174":1,"176":1,"177":1,"179":1,"182":2,"184":2,"190":4,"191":3,"193":3,"194":3,"196":3,"200":1,"202":1,"206":1,"208":1,"210":1,"212":1},"path":"C:\\Users\\Zhanuka\\Predictionmarket\\On-Chain-Prediction-Market\\contracts\\core\\PredictionMarket.sol","s":{"1":38,"2":37,"3":37,"4":26,"5":26,"6":2,"7":1,"8":1,"9":24,"10":24,"11":23,"12":22,"13":22,"14":17,"15":16,"16":5,"17":4,"18":20,"19":20,"20":3,"21":3,"22":2,"23":2,"24":1,"25":1,"26":1,"27":1,"28":2,"29":2,"30":4,"31":3,"32":3,"33":1,"34":1,"35":1,"36":1,"37":1,"38":1},"b":{"1":[1,37],"2":[1,0],"3":[0,26],"4":[1,1],"5":[24,0],"6":[0,24],"7":[1,23],"8":[1,22],"9":[17,5],"10":[1,16],"11":[1,4],"12":[3,0],"13":[0,3],"14":[1,2],"15":[1,1],"16":[0,1],"17":[0,1],"18":[4,1],"19":[1,3],"20":[0,3],"21":[1,0],"22":[0,1],"23":[1,0],"24":[0,1]},"f":{"1":38,"2":26,"3":2,"4":24,"5":3,"6":4,"7":1},"fnMap":{"1":{"name":"constructor","line":66,"loc":{"start":{"line":66,"column":4},"end":{"line":88,"column":4}}},"2":{"name":"getAmountOut","line":90,"loc":{"start":{"line":90,"column":4},"end":{"line":99,"column":4}}},"3":{"name":"getBuyQuote","line":101,"loc":{"start":{"line":101,"column":4},"end":{"line":110,"column":4}}},"4":{"name":"buyShares","line":116,"loc":{"start":{"line":112,"column":4},"end":{"line":144,"column":4}}},"5":{"name":"sellShares","line":150,"loc":{"start":{"line":146,"column":4},"end":{"line":185,"column":4}}},"6":{"name":"resolveMarket","line":189,"loc":{"start":{"line":187,"column":4},"end":{"line":197,"column":4}}},"7":{"name":"claimPayout","line":199,"loc":{"start":{"line":199,"column":4},"end":{"line":213,"column":4}}}},"statementMap":{"1":{"start":{"line":74,"column":8},"end":{"line":74,"column":2087}},"2":{"start":{"line":86,"column":8},"end":{"line":86,"column":49}},"3":{"start":{"line":87,"column":8},"end":{"line":87,"column":44}},"4":{"start":{"line":95,"column":8},"end":{"line":95,"column":46}},"5":{"start":{"line":97,"column":8},"end":{"line":97,"column":68}},"6":{"start":{"line":105,"column":8},"end":{"line":105,"column":3091}},"7":{"start":{"line":106,"column":12},"end":{"line":106,"column":68}},"8":{"start":{"line":109,"column":8},"end":{"line":109,"column":64}},"9":{"start":{"line":117,"column":8},"end":{"line":117,"column":61}},"10":{"start":{"line":118,"column":8},"end":{"line":118,"column":63}},"11":{"start":{"line":119,"column":8},"end":{"line":119,"column":50}},"12":{"start":{"line":121,"column":8},"end":{"line":121,"column":52}},"13":{"start":{"line":123,"column":8},"end":{"line":123,"column":3685}},"14":{"start":{"line":125,"column":12},"end":{"line":125,"column":67}},"15":{"start":{"line":130,"column":12},"end":{"line":130,"column":75}},"16":{"start":{"line":133,"column":12},"end":{"line":133,"column":67}},"17":{"start":{"line":138,"column":12},"end":{"line":138,"column":74}},"18":{"start":{"line":141,"column":8},"end":{"line":141,"column":80}},"19":{"start":{"line":143,"column":8},"end":{"line":143,"column":76}},"20":{"start":{"line":151,"column":8},"end":{"line":151,"column":61}},"21":{"start":{"line":152,"column":8},"end":{"line":152,"column":46}},"22":{"start":{"line":154,"column":8},"end":{"line":154,"column":19}},"23":{"start":{"line":156,"column":8},"end":{"line":156,"column":4851}},"24":{"start":{"line":162,"column":12},"end":{"line":162,"column":75}},"25":{"start":{"line":167,"column":12},"end":{"line":167,"column":70}},"26":{"start":{"line":174,"column":12},"end":{"line":174,"column":75}},"27":{"start":{"line":179,"column":12},"end":{"line":179,"column":69}},"28":{"start":{"line":182,"column":8},"end":{"line":182,"column":62}},"29":{"start":{"line":184,"column":8},"end":{"line":184,"column":74}},"30":{"start":{"line":190,"column":8},"end":{"line":190,"column":65}},"31":{"start":{"line":191,"column":8},"end":{"line":191,"column":61}},"32":{"start":{"line":196,"column":8},"end":{"line":196,"column":44}},"33":{"start":{"line":200,"column":8},"end":{"line":200,"column":69}},"34":{"start":{"line":202,"column":8},"end":{"line":202,"column":6385}},"35":{"start":{"line":206,"column":8},"end":{"line":206,"column":76}},"36":{"start":{"line":208,"column":8},"end":{"line":208,"column":45}},"37":{"start":{"line":210,"column":8},"end":{"line":210,"column":61}},"38":{"start":{"line":212,"column":8},"end":{"line":212,"column":56}}},"branchMap":{"1":{"line":74,"type":"if","locations":[{"start":{"line":74,"column":8},"end":{"line":74,"column":8}},{"start":{"line":74,"column":8},"end":{"line":74,"column":8}}]},"2":{"line":74,"type":"cond-expr","locations":[{"start":{"line":74,"column":12},"end":{"line":74,"column":34}},{"start":{"line":74,"column":39},"end":{"line":74,"column":60}}]},"3":{"line":95,"type":"if","locations":[{"start":{"line":95,"column":8},"end":{"line":95,"column":8}},{"start":{"line":95,"column":8},"end":{"line":95,"column":8}}]},"4":{"line":105,"type":"if","locations":[{"start":{"line":105,"column":8},"end":{"line":105,"column":8}},{"start":{"line":105,"column":8},"end":{"line":105,"column":8}}]},"5":{"line":116,"type":"if","locations":[{"start":{"line":116,"column":15},"end":{"line":116,"column":15}},{"start":{"line":116,"column":15},"end":{"line":116,"column":15}}]},"6":{"line":117,"type":"if","locations":[{"start":{"line":117,"column":8},"end":{"line":117,"column":8}},{"start":{"line":117,"column":8},"end":{"line":117,"column":8}}]},"7":{"line":118,"type":"if","locations":[{"start":{"line":118,"column":8},"end":{"line":118,"column":8}},{"start":{"line":118,"column":8},"end":{"line":118,"column":8}}]},"8":{"line":119,"type":"if","locations":[{"start":{"line":119,"column":8},"end":{"line":119,"column":8}},{"start":{"line":119,"column":8},"end":{"line":119,"column":8}}]},"9":{"line":123,"type":"if","locations":[{"start":{"line":123,"column":8},"end":{"line":123,"column":8}},{"start":{"line":123,"column":8},"end":{"line":123,"column":8}}]},"10":{"line":125,"type":"if","locations":[{"start":{"line":125,"column":12},"end":{"line":125,"column":12}},{"start":{"line":125,"column":12},"end":{"line":125,"column":12}}]},"11":{"line":133,"type":"if","locations":[{"start":{"line":133,"column":12},"end":{"line":133,"column":12}},{"start":{"line":133,"column":12},"end":{"line":133,"column":12}}]},"12":{"line":150,"type":"if","locations":[{"start":{"line":150,"column":15},"end":{"line":150,"column":15}},{"start":{"line":150,"column":15},"end":{"line":150,"column":15}}]},"13":{"line":151,"type":"if","locations":[{"start":{"line":151,"column":8},"end":{"line":151,"column":8}},{"start":{"line":151,"column":8},"end":{"line":151,"column":8}}]},"14":{"line":152,"type":"if","locations":[{"start":{"line":152,"column":8},"end":{"line":152,"column":8}},{"start":{"line":152,"column":8},"end":{"line":152,"column":8}}]},"15":{"line":156,"type":"if","locations":[{"start":{"line":156,"column":8},"end":{"line":156,"column":8}},{"start":{"line":156,"column":8},"end":{"line":156,"column":8}}]},"16":{"line":162,"type":"if","locations":[{"start":{"line":162,"column":12},"end":{"line":162,"column":12}},{"start":{"line":162,"column":12},"end":{"line":162,"column":12}}]},"17":{"line":174,"type":"if","locations":[{"start":{"line":174,"column":12},"end":{"line":174,"column":12}},{"start":{"line":174,"column":12},"end":{"line":174,"column":12}}]},"18":{"line":189,"type":"if","locations":[{"start":{"line":189,"column":15},"end":{"line":189,"column":15}},{"start":{"line":189,"column":15},"end":{"line":189,"column":15}}]},"19":{"line":190,"type":"if","locations":[{"start":{"line":190,"column":8},"end":{"line":190,"column":8}},{"start":{"line":190,"column":8},"end":{"line":190,"column":8}}]},"20":{"line":191,"type":"if","locations":[{"start":{"line":191,"column":8},"end":{"line":191,"column":8}},{"start":{"line":191,"column":8},"end":{"line":191,"column":8}}]},"21":{"line":199,"type":"if","locations":[{"start":{"line":199,"column":36},"end":{"line":199,"column":36}},{"start":{"line":199,"column":36},"end":{"line":199,"column":36}}]},"22":{"line":200,"type":"if","locations":[{"start":{"line":200,"column":8},"end":{"line":200,"column":8}},{"start":{"line":200,"column":8},"end":{"line":200,"column":8}}]},"23":{"line":203,"type":"if","locations":[{"start":{"line":203,"column":14},"end":{"line":203,"column":31}},{"start":{"line":204,"column":14},"end":{"line":204,"column":30}}]},"24":{"line":208,"type":"if","locations":[{"start":{"line":208,"column":8},"end":{"line":208,"column":8}},{"start":{"line":208,"column":8},"end":{"line":208,"column":8}}]}}},
"contracts\\governance\\GovernanceToken.sol":{"l":{"22":16,"26":2,"27":1,"34":18,"43":0},"path":"C:\\Users\\Zhanuka\\Predictionmarket\\On-Chain-Prediction-Market\\contracts\\governance\\GovernanceToken.sol","s":{"1":16,"2":2,"3":1,"4":18,"5":0},"b":{"1":[2,1],"2":[1,1]},"f":{"1":16,"2":2,"3":18,"4":0},"fnMap":{"1":{"name":"constructor","line":20,"loc":{"start":{"line":17,"column":4},"end":{"line":23,"column":4}}},"2":{"name":"mint","line":25,"loc":{"start":{"line":25,"column":4},"end":{"line":28,"column":4}}},"3":{"name":"_update","line":30,"loc":{"start":{"line":30,"column":4},"end":{"line":35,"column":4}}},"4":{"name":"nonces","line":37,"loc":{"start":{"line":37,"column":4},"end":{"line":44,"column":4}}}},"statementMap":{"1":{"start":{"line":22,"column":8},"end":{"line":22,"column":41}},"2":{"start":{"line":26,"column":8},"end":{"line":26,"column":75}},"3":{"start":{"line":27,"column":8},"end":{"line":27,"column":24}},"4":{"start":{"line":34,"column":8},"end":{"line":34,"column":37}},"5":{"start":{"line":43,"column":8},"end":{"line":43,"column":34}}},"branchMap":{"1":{"line":25,"type":"if","locations":[{"start":{"line":25,"column":55},"end":{"line":25,"column":55}},{"start":{"line":25,"column":55},"end":{"line":25,"column":55}}]},"2":{"line":26,"type":"if","locations":[{"start":{"line":26,"column":8},"end":{"line":26,"column":8}},{"start":{"line":26,"column":8},"end":{"line":26,"column":8}}]}}},
"contracts\\governance\\PredictionGovernor.sol":{"l":{"45":4,"54":4,"63":4,"72":2,"81":2,"90":0,"104":0,"123":0,"142":0,"155":0},"path":"C:\\Users\\Zhanuka\\Predictionmarket\\On-Chain-Prediction-Market\\contracts\\governance\\PredictionGovernor.sol","s":{"1":4,"2":4,"3":4,"4":2,"5":2,"6":0,"7":0,"8":0,"9":0,"10":0},"b":{},"f":{"1":8,"2":4,"3":4,"4":4,"5":2,"6":2,"7":0,"8":0,"9":0,"10":0,"11":0},"fnMap":{"1":{"name":"constructor","line":36,"loc":{"start":{"line":24,"column":4},"end":{"line":37,"column":5}}},"2":{"name":"votingDelay","line":39,"loc":{"start":{"line":39,"column":4},"end":{"line":46,"column":4}}},"3":{"name":"votingPeriod","line":48,"loc":{"start":{"line":48,"column":4},"end":{"line":55,"column":4}}},"4":{"name":"proposalThreshold","line":57,"loc":{"start":{"line":57,"column":4},"end":{"line":64,"column":4}}},"5":{"name":"quorum","line":66,"loc":{"start":{"line":66,"column":4},"end":{"line":73,"column":4}}},"6":{"name":"state","line":75,"loc":{"start":{"line":75,"column":4},"end":{"line":82,"column":4}}},"7":{"name":"proposalNeedsQueuing","line":84,"loc":{"start":{"line":84,"column":4},"end":{"line":91,"column":4}}},"8":{"name":"_queueOperations","line":93,"loc":{"start":{"line":93,"column":4},"end":{"line":111,"column":4}}},"9":{"name":"_executeOperations","line":113,"loc":{"start":{"line":113,"column":4},"end":{"line":130,"column":4}}},"10":{"name":"_cancel","line":132,"loc":{"start":{"line":132,"column":4},"end":{"line":148,"column":4}}},"11":{"name":"_executor","line":149,"loc":{"start":{"line":149,"column":0},"end":{"line":156,"column":4}}}},"statementMap":{"1":{"start":{"line":45,"column":8},"end":{"line":45,"column":34}},"2":{"start":{"line":54,"column":8},"end":{"line":54,"column":35}},"3":{"start":{"line":63,"column":8},"end":{"line":63,"column":40}},"4":{"start":{"line":72,"column":8},"end":{"line":72,"column":40}},"5":{"start":{"line":81,"column":8},"end":{"line":81,"column":38}},"6":{"start":{"line":90,"column":8},"end":{"line":90,"column":53}},"7":{"start":{"line":104,"column":8},"end":{"line":104,"column":3135}},"8":{"start":{"line":123,"column":8},"end":{"line":123,"column":3601}},"9":{"start":{"line":142,"column":8},"end":{"line":142,"column":4051}},"10":{"start":{"line":155,"column":8},"end":{"line":155,"column":32}}},"branchMap":{}},
"contracts\\governance\\PredictionTimelock.sol":{"l":{},"path":"C:\\Users\\Zhanuka\\Predictionmarket\\On-Chain-Prediction-Market\\contracts\\governance\\PredictionTimelock.sol","s":{},"b":{},"f":{"1":12},"fnMap":{"1":{"name":"constructor","line":16,"loc":{"start":{"line":11,"column":4},"end":{"line":17,"column":5}}}},"statementMap":{},"branchMap":{}},
"contracts\\mocks\\MockAggregator.sol":{"l":{"10":9,"11":9,"12":9,"16":2,"17":2,"21":1,"35":7},"path":"C:\\Users\\Zhanuka\\Predictionmarket\\On-Chain-Prediction-Market\\contracts\\mocks\\MockAggregator.sol","s":{"1":7},"b":{},"f":{"1":9,"2":2,"3":1,"4":7},"fnMap":{"1":{"name":"constructor","line":9,"loc":{"start":{"line":9,"column":4},"end":{"line":13,"column":4}}},"2":{"name":"setAnswer","line":15,"loc":{"start":{"line":15,"column":4},"end":{"line":18,"column":4}}},"3":{"name":"setUpdatedAt","line":20,"loc":{"start":{"line":20,"column":4},"end":{"line":22,"column":4}}},"4":{"name":"latestRoundData","line":24,"loc":{"start":{"line":24,"column":4},"end":{"line":36,"column":4}}}},"statementMap":{"1":{"start":{"line":35,"column":8},"end":{"line":35,"column":51}}},"branchMap":{}},
"contracts\\mocks\\MockCollateral.sol":{"l":{"8":44,"12":42},"path":"C:\\Users\\Zhanuka\\Predictionmarket\\On-Chain-Prediction-Market\\contracts\\mocks\\MockCollateral.sol","s":{"1":44,"2":42},"b":{},"f":{"1":44,"2":42},"fnMap":{"1":{"name":"constructor","line":7,"loc":{"start":{"line":7,"column":4},"end":{"line":9,"column":4}}},"2":{"name":"mint","line":11,"loc":{"start":{"line":11,"column":4},"end":{"line":13,"column":4}}}},"statementMap":{"1":{"start":{"line":8,"column":8},"end":{"line":8,"column":38}},"2":{"start":{"line":12,"column":8},"end":{"line":12,"column":24}}},"branchMap":{}},
"contracts\\oracle\\ChainlinkResolver.sol":{"l":{"36":6,"37":6,"44":5,"45":5,"46":5,"50":6,"51":5,"53":4,"56":4,"57":0,"58":4,"60":3,"62":3,"69":3,"73":0,"74":0,"75":0,"79":0,"80":0},"path":"C:\\Users\\Zhanuka\\Predictionmarket\\On-Chain-Prediction-Market\\contracts\\oracle\\ChainlinkResolver.sol","s":{"1":6,"2":6,"3":5,"4":6,"5":5,"6":4,"7":4,"8":4,"9":3,"10":3,"11":0,"12":0,"13":0,"14":0,"15":0,"16":0},"b":{"1":[5,0],"2":[6,0],"3":[1,5],"4":[1,4],"5":[0,4],"6":[1,3],"7":[0,0],"8":[0,0]},"f":{"1":6,"2":5,"3":6,"4":0,"5":0},"fnMap":{"1":{"name":"constructor","line":35,"loc":{"start":{"line":35,"column":4},"end":{"line":38,"column":4}}},"2":{"name":"registerFeed","line":42,"loc":{"start":{"line":40,"column":4},"end":{"line":47,"column":4}}},"3":{"name":"resolveMarket","line":49,"loc":{"start":{"line":49,"column":4},"end":{"line":70,"column":4}}},"4":{"name":"isPayoutUnlocked","line":72,"loc":{"start":{"line":72,"column":4},"end":{"line":76,"column":4}}},"5":{"name":"getOutcome","line":78,"loc":{"start":{"line":78,"column":4},"end":{"line":81,"column":4}}}},"statementMap":{"1":{"start":{"line":36,"column":8},"end":{"line":36,"column":44}},"2":{"start":{"line":37,"column":8},"end":{"line":37,"column":39}},"3":{"start":{"line":46,"column":8},"end":{"line":46,"column":56}},"4":{"start":{"line":50,"column":8},"end":{"line":50,"column":77}},"5":{"start":{"line":51,"column":8},"end":{"line":51,"column":76}},"6":{"start":{"line":53,"column":8},"end":{"line":53,"column":2088}},"7":{"start":{"line":56,"column":8},"end":{"line":56,"column":2221}},"8":{"start":{"line":58,"column":8},"end":{"line":58,"column":45}},"9":{"start":{"line":60,"column":8},"end":{"line":60,"column":53}},"10":{"start":{"line":69,"column":8},"end":{"line":69,"column":53}},"11":{"start":{"line":73,"column":8},"end":{"line":73,"column":51}},"12":{"start":{"line":74,"column":8},"end":{"line":74,"column":37}},"13":{"start":{"line":74,"column":25},"end":{"line":74,"column":37}},"14":{"start":{"line":75,"column":8},"end":{"line":75,"column":63}},"15":{"start":{"line":79,"column":8},"end":{"line":79,"column":62}},"16":{"start":{"line":80,"column":8},"end":{"line":80,"column":44}}},"branchMap":{"1":{"line":42,"type":"if","locations":[{"start":{"line":42,"column":8},"end":{"line":42,"column":8}},{"start":{"line":42,"column":8},"end":{"line":42,"column":8}}]},"2":{"line":49,"type":"if","locations":[{"start":{"line":49,"column":54},"end":{"line":49,"column":54}},{"start":{"line":49,"column":54},"end":{"line":49,"column":54}}]},"3":{"line":50,"type":"if","locations":[{"start":{"line":50,"column":8},"end":{"line":50,"column":8}},{"start":{"line":50,"column":8},"end":{"line":50,"column":8}}]},"4":{"line":51,"type":"if","locations":[{"start":{"line":51,"column":8},"end":{"line":51,"column":8}},{"start":{"line":51,"column":8},"end":{"line":51,"column":8}}]},"5":{"line":56,"type":"if","locations":[{"start":{"line":56,"column":8},"end":{"line":56,"column":8}},{"start":{"line":56,"column":8},"end":{"line":56,"column":8}}]},"6":{"line":58,"type":"if","locations":[{"start":{"line":58,"column":8},"end":{"line":58,"column":8}},{"start":{"line":58,"column":8},"end":{"line":58,"column":8}}]},"7":{"line":74,"type":"if","locations":[{"start":{"line":74,"column":8},"end":{"line":74,"column":8}},{"start":{"line":74,"column":8},"end":{"line":74,"column":8}}]},"8":{"line":79,"type":"if","locations":[{"start":{"line":79,"column":8},"end":{"line":79,"column":8}},{"start":{"line":79,"column":8},"end":{"line":79,"column":8}}]}}},
"contracts\\tokens\\FeeVault.sol":{"l":{"28":5,"34":2,"35":1,"36":1,"37":1},"path":"C:\\Users\\Zhanuka\\Predictionmarket\\On-Chain-Prediction-Market\\contracts\\tokens\\FeeVault.sol","s":{"1":5,"2":2,"3":1,"4":1},"b":{"1":[2,1],"2":[1,1]},"f":{"1":5,"2":2},"fnMap":{"1":{"name":"constructor","line":26,"loc":{"start":{"line":24,"column":4},"end":{"line":29,"column":4}}},"2":{"name":"depositFees","line":33,"loc":{"start":{"line":33,"column":4},"end":{"line":38,"column":4}}}},"statementMap":{"1":{"start":{"line":28,"column":8},"end":{"line":28,"column":44}},"2":{"start":{"line":34,"column":8},"end":{"line":34,"column":44}},"3":{"start":{"line":36,"column":8},"end":{"line":36,"column":74}},"4":{"start":{"line":37,"column":8},"end":{"line":37,"column":46}}},"branchMap":{"1":{"line":33,"type":"if","locations":[{"start":{"line":33,"column":50},"end":{"line":33,"column":50}},{"start":{"line":33,"column":50},"end":{"line":33,"column":50}}]},"2":{"line":34,"type":"if","locations":[{"start":{"line":34,"column":8},"end":{"line":34,"column":8}},{"start":{"line":34,"column":8},"end":{"line":34,"column":8}}]}}},
"contracts\\tokens\\OutcomeToken.sol":{"l":{"19":46,"26":25,"33":4,"42":1},"path":"C:\\Users\\Zhanuka\\Predictionmarket\\On-Chain-Prediction-Market\\contracts\\tokens\\OutcomeToken.sol","s":{"1":46,"2":25,"3":4,"4":1},"b":{"1":[25,1],"2":[4,0]},"f":{"1":46,"2":25,"3":4,"4":1},"fnMap":{"1":{"name":"constructor","line":17,"loc":{"start":{"line":16,"column":4},"end":{"line":20,"column":4}}},"2":{"name":"mint","line":24,"loc":{"start":{"line":22,"column":4},"end":{"line":27,"column":4}}},"3":{"name":"burn","line":31,"loc":{"start":{"line":29,"column":4},"end":{"line":34,"column":4}}},"4":{"name":"supportsInterface","line":36,"loc":{"start":{"line":36,"column":4},"end":{"line":43,"column":4}}}},"statementMap":{"1":{"start":{"line":19,"column":8},"end":{"line":19,"column":44}},"2":{"start":{"line":26,"column":8},"end":{"line":26,"column":34}},"3":{"start":{"line":33,"column":8},"end":{"line":33,"column":30}},"4":{"start":{"line":42,"column":8},"end":{"line":42,"column":51}}},"branchMap":{"1":{"line":24,"type":"if","locations":[{"start":{"line":24,"column":8},"end":{"line":24,"column":8}},{"start":{"line":24,"column":8},"end":{"line":24,"column":8}}]},"2":{"line":31,"type":"if","locations":[{"start":{"line":31,"column":8},"end":{"line":31,"column":8}},{"start":{"line":31,"column":8},"end":{"line":31,"column":8}}]}}},
"contracts\\upgradeable\\UpgradeableCounterV1.sol":{"l":{"16":1,"20":1},"path":"C:\\Users\\Zhanuka\\Predictionmarket\\On-Chain-Prediction-Market\\contracts\\upgradeable\\UpgradeableCounterV1.sol","s":{"1":1},"b":{"1":[1,0],"2":[1,0]},"f":{"1":1,"2":1,"3":1},"fnMap":{"1":{"name":"initialize","line":15,"loc":{"start":{"line":15,"column":4},"end":{"line":17,"column":4}}},"2":{"name":"increment","line":19,"loc":{"start":{"line":19,"column":4},"end":{"line":21,"column":4}}},"3":{"name":"_authorizeUpgrade","line":26,"loc":{"start":{"line":23,"column":4},"end":{"line":27,"column":5}}}},"statementMap":{"1":{"start":{"line":16,"column":8},"end":{"line":16,"column":35}}},"branchMap":{"1":{"line":15,"type":"if","locations":[{"start":{"line":15,"column":53},"end":{"line":15,"column":53}},{"start":{"line":15,"column":53},"end":{"line":15,"column":53}}]},"2":{"line":26,"type":"if","locations":[{"start":{"line":26,"column":8},"end":{"line":26,"column":8}},{"start":{"line":26,"column":8},"end":{"line":26,"column":8}}]}}},
"contracts\\upgradeable\\UpgradeableCounterV2.sol":{"l":{"8":1,"9":1,"13":1},"path":"C:\\Users\\Zhanuka\\Predictionmarket\\On-Chain-Prediction-Market\\contracts\\upgradeable\\UpgradeableCounterV2.sol","s":{"1":1,"2":1},"b":{"1":[1,0]},"f":{"1":1,"2":1},"fnMap":{"1":{"name":"decrement","line":7,"loc":{"start":{"line":7,"column":4},"end":{"line":10,"column":4}}},"2":{"name":"version","line":12,"loc":{"start":{"line":12,"column":4},"end":{"line":14,"column":4}}}},"statementMap":{"1":{"start":{"line":8,"column":8},"end":{"line":8,"column":42}},"2":{"start":{"line":13,"column":8},"end":{"line":13,"column":19}}},"branchMap":{"1":{"line":8,"type":"if","locations":[{"start":{"line":8,"column":8},"end":{"line":8,"column":8}},{"start":{"line":8,"column":8},"end":{"line":8,"column":8}}]}}}}
