TN:
SF:C:\Users\Zhanuka\Predictionmarket\On-Chain-Prediction-Market\contracts\core\MarketFactory.sol
FN:29,constructor
FN:46,createMarket
FN:74,createMarketDeterministic
FN:97,predictMarketAddress
FN:128,getMarketsCount
FNF:5
FNH:5
FNDA:7,constructor
FNDA:5,createMarket
FNDA:1,createMarketDeterministic
FNDA:1,predictMarketAddress
FNDA:3,getMarketsCount
DA:34,7
DA:35,7
DA:37,7
DA:38,7
DA:47,5
DA:58,4
DA:60,4
DA:75,1
DA:86,1
DA:87,1
DA:89,1
DA:104,1
DA:116,1
DA:125,1
DA:129,3
LF:15
LH:15
BRDA:46,1,0,5
BRDA:46,1,1,1
BRDA:74,2,0,1
BRDA:74,2,1,0
BRF:4
BRH:3
end_of_record
TN:
SF:C:\Users\Zhanuka\Predictionmarket\On-Chain-Prediction-Market\contracts\core\MathUtils.sol
FN:7,multiplySolidity
FN:15,multiplyYul
FNF:2
FNH:2
FNDA:1,multiplySolidity
FNDA:1,multiplyYul
DA:12,1
DA:20,1
LF:2
LH:2
BRF:0
BRH:0
end_of_record
TN:
SF:C:\Users\Zhanuka\Predictionmarket\On-Chain-Prediction-Market\contracts\core\PredictionMarket.sol
FN:66,constructor
FN:90,getAmountOut
FN:101,getBuyQuote
FN:116,buyShares
FN:150,sellShares
FN:189,resolveMarket
FN:199,claimPayout
FNF:7
FNH:7
FNDA:38,constructor
FNDA:26,getAmountOut
FNDA:2,getBuyQuote
FNDA:24,buyShares
FNDA:3,sellShares
FNDA:4,resolveMarket
FNDA:1,claimPayout
DA:74,38
DA:75,1
DA:78,37
DA:79,37
DA:80,37
DA:81,37
DA:82,37
DA:83,37
DA:84,37
DA:86,37
DA:87,37
DA:95,26
DA:97,26
DA:98,26
DA:105,2
DA:106,1
DA:109,1
DA:117,24
DA:118,24
DA:119,23
DA:121,22
DA:123,22
DA:124,17
DA:125,17
DA:127,16
DA:128,16
DA:130,16
DA:132,5
DA:133,5
DA:135,4
DA:136,4
DA:138,4
DA:141,20
DA:143,20
DA:151,3
DA:152,3
DA:154,2
DA:156,2
DA:157,1
DA:159,1
DA:160,1
DA:162,1
DA:164,1
DA:165,1
DA:167,1
DA:169,1
DA:171,1
DA:172,1
DA:174,1
DA:176,1
DA:177,1
DA:179,1
DA:182,2
DA:184,2
DA:190,4
DA:191,3
DA:193,3
DA:194,3
DA:196,3
DA:200,1
DA:202,1
DA:206,1
DA:208,1
DA:210,1
DA:212,1
LF:65
LH:65
BRDA:74,1,0,1
BRDA:74,1,1,37
BRDA:74,2,0,1
BRDA:74,2,1,0
BRDA:95,3,0,0
BRDA:95,3,1,26
BRDA:105,4,0,1
BRDA:105,4,1,1
BRDA:116,5,0,24
BRDA:116,5,1,0
BRDA:117,6,0,0
BRDA:117,6,1,24
BRDA:118,7,0,1
BRDA:118,7,1,23
BRDA:119,8,0,1
BRDA:119,8,1,22
BRDA:123,9,0,17
BRDA:123,9,1,5
BRDA:125,10,0,1
BRDA:125,10,1,16
BRDA:133,11,0,1
BRDA:133,11,1,4
BRDA:150,12,0,3
BRDA:150,12,1,0
BRDA:151,13,0,0
BRDA:151,13,1,3
BRDA:152,14,0,1
BRDA:152,14,1,2
BRDA:156,15,0,1
BRDA:156,15,1,1
BRDA:162,16,0,0
BRDA:162,16,1,1
BRDA:174,17,0,0
BRDA:174,17,1,1
BRDA:189,18,0,4
BRDA:189,18,1,1
BRDA:190,19,0,1
BRDA:190,19,1,3
BRDA:191,20,0,0
BRDA:191,20,1,3
BRDA:199,21,0,1
BRDA:199,21,1,0
BRDA:200,22,0,0
BRDA:200,22,1,1
BRDA:203,23,0,1
BRDA:203,23,1,0
BRDA:208,24,0,0
BRDA:208,24,1,1
BRF:48
BRH:35
end_of_record
TN:
SF:C:\Users\Zhanuka\Predictionmarket\On-Chain-Prediction-Market\contracts\governance\GovernanceToken.sol
FN:20,constructor
FN:25,mint
FN:30,_update
FN:37,nonces
FNF:4
FNH:3
FNDA:16,constructor
FNDA:2,mint
FNDA:18,_update
FNDA:0,nonces
DA:22,16
DA:26,2
DA:27,1
DA:34,18
DA:43,0
LF:5
LH:4
BRDA:25,1,0,2
BRDA:25,1,1,1
BRDA:26,2,0,1
BRDA:26,2,1,1
BRF:4
BRH:4
end_of_record
TN:
SF:C:\Users\Zhanuka\Predictionmarket\On-Chain-Prediction-Market\contracts\governance\PredictionGovernor.sol
FN:36,constructor
FN:39,votingDelay
FN:48,votingPeriod
FN:57,proposalThreshold
FN:66,quorum
FN:75,state
FN:84,proposalNeedsQueuing
FN:93,_queueOperations
FN:113,_executeOperations
FN:132,_cancel
FN:149,_executor
FNF:11
FNH:6
FNDA:8,constructor
FNDA:4,votingDelay
FNDA:4,votingPeriod
FNDA:4,proposalThreshold
FNDA:2,quorum
FNDA:2,state
FNDA:0,proposalNeedsQueuing
FNDA:0,_queueOperations
FNDA:0,_executeOperations
FNDA:0,_cancel
FNDA:0,_executor
DA:45,4
DA:54,4
DA:63,4
DA:72,2
DA:81,2
DA:90,0
DA:104,0
DA:123,0
DA:142,0
DA:155,0
LF:10
LH:5
BRF:0
BRH:0
end_of_record
TN:
SF:C:\Users\Zhanuka\Predictionmarket\On-Chain-Prediction-Market\contracts\governance\PredictionTimelock.sol
FN:16,constructor
FNF:1
FNH:1
FNDA:12,constructor
LF:0
LH:0
BRF:0
BRH:0
end_of_record
TN:
SF:C:\Users\Zhanuka\Predictionmarket\On-Chain-Prediction-Market\contracts\mocks\MockAggregator.sol
FN:9,constructor
FN:15,setAnswer
FN:20,setUpdatedAt
FN:24,latestRoundData
FNF:4
FNH:4
FNDA:9,constructor
FNDA:2,setAnswer
FNDA:1,setUpdatedAt
FNDA:7,latestRoundData
DA:10,9
DA:11,9
DA:12,9
DA:16,2
DA:17,2
DA:21,1
DA:35,7
LF:7
LH:7
BRF:0
BRH:0
end_of_record
TN:
SF:C:\Users\Zhanuka\Predictionmarket\On-Chain-Prediction-Market\contracts\mocks\MockCollateral.sol
FN:7,constructor
FN:11,mint
FNF:2
FNH:2
FNDA:44,constructor
FNDA:42,mint
DA:8,44
DA:12,42
LF:2
LH:2
BRF:0
BRH:0
end_of_record
TN:
SF:C:\Users\Zhanuka\Predictionmarket\On-Chain-Prediction-Market\contracts\oracle\ChainlinkResolver.sol
FN:35,constructor
FN:42,registerFeed
FN:49,resolveMarket
FN:72,isPayoutUnlocked
FN:78,getOutcome
FNF:5
FNH:3
FNDA:6,constructor
FNDA:5,registerFeed
FNDA:6,resolveMarket
FNDA:0,isPayoutUnlocked
FNDA:0,getOutcome
DA:36,6
DA:37,6
DA:44,5
DA:45,5
DA:46,5
DA:50,6
DA:51,5
DA:53,4
DA:56,4
DA:57,0
DA:58,4
DA:60,3
DA:62,3
DA:69,3
DA:73,0
DA:74,0
DA:75,0
DA:79,0
DA:80,0
LF:19
LH:13
BRDA:42,1,0,5
BRDA:42,1,1,0
BRDA:49,2,0,6
BRDA:49,2,1,0
BRDA:50,3,0,1
BRDA:50,3,1,5
BRDA:51,4,0,1
BRDA:51,4,1,4
BRDA:56,5,0,0
BRDA:56,5,1,4
BRDA:58,6,0,1
BRDA:58,6,1,3
BRDA:74,7,0,0
BRDA:74,7,1,0
BRDA:79,8,0,0
BRDA:79,8,1,0
BRF:16
BRH:9
end_of_record
TN:
SF:C:\Users\Zhanuka\Predictionmarket\On-Chain-Prediction-Market\contracts\tokens\FeeVault.sol
FN:26,constructor
FN:33,depositFees
FNF:2
FNH:2
FNDA:5,constructor
FNDA:2,depositFees
DA:28,5
DA:34,2
DA:35,1
DA:36,1
DA:37,1
LF:5
LH:5
BRDA:33,1,0,2
BRDA:33,1,1,1
BRDA:34,2,0,1
BRDA:34,2,1,1
BRF:4
BRH:4
end_of_record
TN:
SF:C:\Users\Zhanuka\Predictionmarket\On-Chain-Prediction-Market\contracts\tokens\OutcomeToken.sol
FN:17,constructor
FN:24,mint
FN:31,burn
FN:36,supportsInterface
FNF:4
FNH:4
FNDA:46,constructor
FNDA:25,mint
FNDA:4,burn
FNDA:1,supportsInterface
DA:19,46
DA:26,25
DA:33,4
DA:42,1
LF:4
LH:4
BRDA:24,1,0,25
BRDA:24,1,1,1
BRDA:31,2,0,4
BRDA:31,2,1,0
BRF:4
BRH:3
end_of_record
TN:
SF:C:\Users\Zhanuka\Predictionmarket\On-Chain-Prediction-Market\contracts\upgradeable\UpgradeableCounterV1.sol
FN:15,initialize
FN:19,increment
FN:26,_authorizeUpgrade
FNF:3
FNH:3
FNDA:1,initialize
FNDA:1,increment
FNDA:1,_authorizeUpgrade
DA:16,1
DA:20,1
LF:2
LH:2
BRDA:15,1,0,1
BRDA:15,1,1,0
BRDA:26,2,0,1
BRDA:26,2,1,0
BRF:4
BRH:2
end_of_record
TN:
SF:C:\Users\Zhanuka\Predictionmarket\On-Chain-Prediction-Market\contracts\upgradeable\UpgradeableCounterV2.sol
FN:7,decrement
FN:12,version
FNF:2
FNH:2
FNDA:1,decrement
FNDA:1,version
DA:8,1
DA:9,1
DA:13,1
LF:3
LH:3
BRDA:8,1,0,1
BRDA:8,1,1,0
BRF:2
BRH:1
end_of_record
